<?xml version="1.0" encoding="UTF-8"?>
<!-- Generated by org.testng.reporters.JUnitReportReporter -->
<testsuite hostname="DESKTOP-4O4F415" failures="0" tests="1" name="Sample1.Demo1" time="0.023" errors="0" timestamp="2024-11-30T10:27:02 IST" skipped="0">
  <testcase classname="Sample1.Demo1" name="TC1" time="0.023"/>
  <system-out/>
</testsuite> <!-- Sample1.Demo1 -->
