<?xml version="1.0" encoding="UTF-8"?>
<!-- Generated by org.testng.reporters.JUnitReportReporter -->
<testsuite hostname="DESKTOP-4O4F415" failures="0" tests="1" name="Sample1.Demo3" time="0.020" errors="0" timestamp="2024-11-30T14:07:05 IST" skipped="0">
  <testcase classname="Sample1.Demo3" name="TC3" time="0.020"/>
  <system-out/>
</testsuite> <!-- Sample1.Demo3 -->
